STEP to UG
! INFO-     NX STEP AP203 - V12.0
! INFO-      
! INFO-     Start of Translation: 3-JUN-2020  6:44:33 PM
! INFO-      
! STATUS-   Converting Part: C:\Users\Yang\Desktop\YangsFiles\Projects\ErgonomicVerticalKeyboard\KeyboardShapeDesign\ASM_ErgonomicVerticalKeyboard_v1.0\hex-socket-cylindrical-head-screws-m6-1.snapshot.1\hex_socket_cylindrical_head_M6x80.step
! SUMMARY-   
! SUMMARY-    STEP Header Information
! SUMMARY-   
! SUMMARY-  Description      FreeCAD Model
! SUMMARY-  Imp_Level        2;1
! SUMMARY-  File_Name        C:/Users/Antonio/Desktop/screws/hex_socket_cylindrical_head_M6x80.step
! SUMMARY-  Date             2020-02-15T15:19:35
! SUMMARY-  Author           Author
! SUMMARY-  Organization     Unknown
! SUMMARY-  Pre_Version      Open CASCADE STEP processor 7.3
! SUMMARY-  Orig_System      FreeCAD
! SUMMARY-  Authorization    Unknown
! SUMMARY-  Schema_ID        automotive_design
! SUMMARY-   
! SUMMARY-    Summary of STEP Entities
! SUMMARY-   
! SUMMARY-  Entity Type                                                   Count
! SUMMARY-  -----------                                                   ------
! SUMMARY-  advanced_face ..............................................:     14
! SUMMARY-  application_context ........................................:      1
! SUMMARY-  axis2_placement_2d .........................................:      4
! SUMMARY-  axis2_placement_3d .........................................:     22
! SUMMARY-  cartesian_point ............................................:    117
! SUMMARY-  circle .....................................................:     11
! SUMMARY-  closed_shell ...............................................:      1
! SUMMARY-  conical_surface ............................................:      1
! SUMMARY-  cylindrical_surface ........................................:      2
! SUMMARY-  definitional_representation ................................:     56
! SUMMARY-  direction ..................................................:    121
! SUMMARY-  edge_curve .................................................:     28
! SUMMARY-  edge_loop ..................................................:     16
! SUMMARY-  face_bound .................................................:     16
! SUMMARY-  geometric_representation_context_and_global_uncertainty_a ..:      1
! SUMMARY-  length_unit_and_si_unit ....................................:      1
! SUMMARY-  line .......................................................:     73
! SUMMARY-  manifold_solid_brep ........................................:      1
! SUMMARY-  oriented_edge ..............................................:     56
! SUMMARY-  pcurve .....................................................:     56
! SUMMARY-  plane ......................................................:     10
! SUMMARY-  plane_angle_unit_and_si_unit ...............................:      1
! SUMMARY-  product ....................................................:      1
! SUMMARY-  product_context ............................................:      1
! SUMMARY-  product_definition .........................................:      1
! SUMMARY-  product_definition_context .................................:      1
! SUMMARY-  product_definition_formation ...............................:      1
! SUMMARY-  product_definition_shape ...................................:      1
! SUMMARY-  product_related_product_category ...........................:      1
! SUMMARY-  seam_curve .................................................:      4
! SUMMARY-  si_unit_and_solid_angle_unit ...............................:      1
! SUMMARY-  surface_curve ..............................................:     24
! SUMMARY-  toroidal_surface ...........................................:      1
! SUMMARY-  uncertainty_measure_with_unit ..............................:      1
! SUMMARY-  vector .....................................................:     73
! SUMMARY-  vertex_point ...............................................:     18
! SUMMARY-                                                               -------
! SUMMARY-  Total                                                            738
! STATUS-    
! STATUS-   Converting to Output Form (Phase 2 of 3): 3-JUN-2020 6:44:33 PM
! STATUS-    
! STATUS-    
! STATUS-   Generating UG geometry and placing them in parts
! STATUS-    
! STATUS-   Creating the UG part (Phase 3 of 3): 3-JUN-2020  6:44:33 PM
! STATUS-    
! STATUS-   Creating UG solid body from Input Ent Id 15
! STATUS-    
! STATUS-   simplifying Bsplines to analytics
! STATUS-    
! STATUS-   converting tolerant edges into exact edges
! STATUS-    
! STATUS-   doing final check of body to report any faults
! STATUS-    
! INFO-     Filing Part ..: C:\Users\Yang\Desktop\YangsFiles\Projects\ErgonomicVerticalKeyboard\KeyboardShapeDesign\ASM_ErgonomicVerticalKeyboard_v1.0\hex-socket-cylindrical-head-screws-m6-1.snapshot.1\hex_socket_cylindrical_head_M6x80_step.prt
! SUMMARY-   
! SUMMARY-  Summary of Unigraphics Part Entities
! SUMMARY-   
! SUMMARY-  Entities Processed             Count
! SUMMARY-  ------------------             -----
! SUMMARY-  Solid .......................:     1
! SUMMARY-                                 -----
! SUMMARY-  Total                              1
! INFO-      
! INFO-     Total number of solids input for this translation       :         1
! INFO-      
! INFO-     Number of solids created without body validation faults :         1
! INFO-      
! INFO-     Number of solids created with body validation fault(s)  :         0
! INFO-      
! INFO-     Number of solids ending up as sheet bodies              :         0
! INFO-      
! INFO-     End of Translation: 3-JUN-2020  6:44:33 PM
! INFO-      
